[0m18:11:10.801602 [debug] [MainThread]: Sending event: {'category': 'dbt', 'action': 'invocation', 'label': 'start', 'context': [<snowplow_tracker.self_describing_json.SelfDescribingJson object at 0x0000019B2D29BAA0>, <snowplow_tracker.self_describing_json.SelfDescribingJson object at 0x0000019B2B78DDC0>, <snowplow_tracker.self_describing_json.SelfDescribingJson object at 0x0000019B2A1D9070>]}


============================== 18:11:10.803004 | 8f63ac93-2793-4b3f-9e86-0d2ca7cd99a2 ==============================
[0m18:11:10.803004 [info ] [MainThread]: Running with dbt=1.8.2
[0m18:11:10.806527 [debug] [MainThread]: running dbt with arguments {'printer_width': '80', 'indirect_selection': 'eager', 'log_cache_events': 'False', 'write_json': 'True', 'partial_parse': 'True', 'cache_selected_only': 'False', 'warn_error': 'None', 'debug': 'False', 'profiles_dir': 'C:\\Users\\hp\\.dbt', 'log_path': 'logs', 'version_check': 'True', 'fail_fast': 'False', 'use_colors': 'True', 'use_experimental_parser': 'False', 'no_print': 'None', 'quiet': 'False', 'log_format': 'default', 'invocation_command': 'dbt init test', 'static_parser': 'True', 'warn_error_options': 'WarnErrorOptions(include=[], exclude=[])', 'target_path': 'None', 'introspect': 'True', 'send_anonymous_usage_stats': 'True'}
[0m18:11:10.823086 [warn ] [MainThread]: [ConfigFolderDirectory]: Unable to parse dict {'dir': WindowsPath('C:/Users/hp/.dbt')}
[0m18:11:10.823086 [info ] [MainThread]: Creating dbt configuration folder at 
[0m18:11:10.827244 [debug] [MainThread]: Starter project path: C:\Users\hp\Documents\10 academy\Week7\Medical-Business-Data-Scrapped\venv\Lib\site-packages\dbt\include\starter_project
[0m18:11:10.843887 [info ] [MainThread]: 
Your new dbt project "test" was created!

For more information on how to configure the profiles.yml file,
please consult the dbt documentation here:

  https://docs.getdbt.com/docs/configure-your-profile

One more thing:

Need help? Don't hesitate to reach out to us via GitHub issues or on Slack:

  https://community.getdbt.com/

Happy modeling!

[0m18:11:10.849368 [info ] [MainThread]: Setting up your profile.
[0m18:17:38.398970 [info ] [MainThread]: Profile test written to C:\Users\hp\.dbt\profiles.yml using target's profile_template.yml and your supplied values. Run 'dbt debug' to validate the connection.
[0m18:17:38.400529 [debug] [MainThread]: Command `dbt init` succeeded at 18:17:38.400529 after 387.73 seconds
[0m18:17:38.401584 [debug] [MainThread]: Sending event: {'category': 'dbt', 'action': 'invocation', 'label': 'end', 'context': [<snowplow_tracker.self_describing_json.SelfDescribingJson object at 0x0000019B2DBA9C70>, <snowplow_tracker.self_describing_json.SelfDescribingJson object at 0x0000019B2DBA8260>, <snowplow_tracker.self_describing_json.SelfDescribingJson object at 0x0000019B2E02E300>]}
[0m18:17:38.402128 [debug] [MainThread]: Flushing usage events
[0m21:10:38.277576 [debug] [MainThread]: Sending event: {'category': 'dbt', 'action': 'invocation', 'label': 'start', 'context': [<snowplow_tracker.self_describing_json.SelfDescribingJson object at 0x00000201A99151C0>, <snowplow_tracker.self_describing_json.SelfDescribingJson object at 0x00000201AA2ADA60>, <snowplow_tracker.self_describing_json.SelfDescribingJson object at 0x00000201A83037D0>]}


============================== 21:10:38.277576 | 638616b6-7a48-4108-ac6b-1ebb7208e6c0 ==============================
[0m21:10:38.277576 [info ] [MainThread]: Running with dbt=1.8.2
[0m21:10:38.277576 [debug] [MainThread]: running dbt with arguments {'printer_width': '80', 'indirect_selection': 'eager', 'log_cache_events': 'False', 'write_json': 'True', 'partial_parse': 'True', 'cache_selected_only': 'False', 'profiles_dir': 'C:\\Users\\hp\\.dbt', 'fail_fast': 'False', 'debug': 'False', 'log_path': 'logs', 'version_check': 'True', 'warn_error': 'None', 'use_colors': 'True', 'use_experimental_parser': 'False', 'no_print': 'None', 'quiet': 'False', 'warn_error_options': 'WarnErrorOptions(include=[], exclude=[])', 'introspect': 'True', 'static_parser': 'True', 'invocation_command': 'dbt debug', 'target_path': 'None', 'log_format': 'default', 'send_anonymous_usage_stats': 'True'}
[0m21:10:38.306100 [info ] [MainThread]: dbt version: 1.8.2
[0m21:10:38.306100 [info ] [MainThread]: python version: 3.12.3
[0m21:10:38.307900 [info ] [MainThread]: python path: C:\Users\hp\Documents\10 academy\Week7\Medical-Business-Data-Scrapped\venv\Scripts\python.exe
[0m21:10:38.308935 [info ] [MainThread]: os info: Windows-11-10.0.22631-SP0
[0m21:10:38.464044 [info ] [MainThread]: Using profiles dir at C:\Users\hp\.dbt
[0m21:10:38.464044 [info ] [MainThread]: Using profiles.yml file at C:\Users\hp\.dbt\profiles.yml
[0m21:10:38.471443 [info ] [MainThread]: Using dbt_project.yml file at C:\Users\hp\Documents\10 academy\Week7\Medical-Business-Data-Scrapped\dbt_project.yml
[0m21:10:38.477337 [info ] [MainThread]: adapter type: postgres
[0m21:10:38.478763 [info ] [MainThread]: adapter version: 1.8.1
[0m21:10:38.478763 [info ] [MainThread]: Configuration:
[0m21:10:38.481313 [info ] [MainThread]:   profiles.yml file [[32mOK found and valid[0m]
[0m21:10:38.483923 [info ] [MainThread]:   dbt_project.yml file [[31mERROR not found[0m]
[0m21:10:38.487963 [info ] [MainThread]: Required dependencies:
[0m21:10:38.489244 [debug] [MainThread]: Executing "git --help"
[0m21:10:38.545426 [debug] [MainThread]: STDOUT: "b"usage: git [-v | --version] [-h | --help] [-C <path>] [-c <name>=<value>]\n           [--exec-path[=<path>]] [--html-path] [--man-path] [--info-path]\n           [-p | --paginate | -P | --no-pager] [--no-replace-objects] [--bare]\n           [--git-dir=<path>] [--work-tree=<path>] [--namespace=<name>]\n           [--config-env=<name>=<envvar>] <command> [<args>]\n\nThese are common Git commands used in various situations:\n\nstart a working area (see also: git help tutorial)\n   clone     Clone a repository into a new directory\n   init      Create an empty Git repository or reinitialize an existing one\n\nwork on the current change (see also: git help everyday)\n   add       Add file contents to the index\n   mv        Move or rename a file, a directory, or a symlink\n   restore   Restore working tree files\n   rm        Remove files from the working tree and from the index\n\nexamine the history and state (see also: git help revisions)\n   bisect    Use binary search to find the commit that introduced a bug\n   diff      Show changes between commits, commit and working tree, etc\n   grep      Print lines matching a pattern\n   log       Show commit logs\n   show      Show various types of objects\n   status    Show the working tree status\n\ngrow, mark and tweak your common history\n   branch    List, create, or delete branches\n   commit    Record changes to the repository\n   merge     Join two or more development histories together\n   rebase    Reapply commits on top of another base tip\n   reset     Reset current HEAD to the specified state\n   switch    Switch branches\n   tag       Create, list, delete or verify a tag object signed with GPG\n\ncollaborate (see also: git help workflows)\n   fetch     Download objects and refs from another repository\n   pull      Fetch from and integrate with another repository or a local branch\n   push      Update remote refs along with associated objects\n\n'git help -a' and 'git help -g' list available subcommands and some\nconcept guides. See 'git help <command>' or 'git help <concept>'\nto read about a specific subcommand or concept.\nSee 'git help git' for an overview of the system.\n""
[0m21:10:38.545426 [debug] [MainThread]: STDERR: "b''"
[0m21:10:38.545426 [info ] [MainThread]:  - git [[32mOK found[0m]

[0m21:10:38.545426 [info ] [MainThread]: Connection:
[0m21:10:38.545426 [info ] [MainThread]:   host: localhost
[0m21:10:38.552079 [info ] [MainThread]:   port: 5432
[0m21:10:38.553093 [info ] [MainThread]:   user: postgres
[0m21:10:38.554756 [info ] [MainThread]:   database: postgres
[0m21:10:38.555865 [info ] [MainThread]:   schema: public
[0m21:10:38.555865 [info ] [MainThread]:   connect_timeout: 10
[0m21:10:38.559172 [info ] [MainThread]:   role: None
[0m21:10:38.559172 [info ] [MainThread]:   search_path: None
[0m21:10:38.561191 [info ] [MainThread]:   keepalives_idle: 0
[0m21:10:38.562767 [info ] [MainThread]:   sslmode: None
[0m21:10:38.562767 [info ] [MainThread]:   sslcert: None
[0m21:10:38.565645 [info ] [MainThread]:   sslkey: None
[0m21:10:38.567322 [info ] [MainThread]:   sslrootcert: None
[0m21:10:38.568443 [info ] [MainThread]:   application_name: dbt
[0m21:10:38.569997 [info ] [MainThread]:   retries: 1
[0m21:10:38.571521 [info ] [MainThread]: Registered adapter: postgres=1.8.1
[0m21:10:38.573512 [debug] [MainThread]: Acquiring new postgres connection 'debug'
[0m21:10:38.656747 [debug] [MainThread]: Using postgres connection "debug"
[0m21:10:38.661379 [debug] [MainThread]: On debug: select 1 as id
[0m21:10:38.661884 [debug] [MainThread]: Opening a new connection, currently in state init
[0m21:10:38.716824 [debug] [MainThread]: SQL status: SELECT 1 in 0.0 seconds
[0m21:10:38.716824 [debug] [MainThread]: On debug: Close
[0m21:10:38.716824 [info ] [MainThread]:   Connection test: [[32mOK connection ok[0m]

[0m21:10:38.722087 [info ] [MainThread]: [31m1 check failed:[0m
[0m21:10:38.725400 [info ] [MainThread]: Project loading failed for the following reason:
 project path <C:\Users\hp\Documents\10 academy\Week7\Medical-Business-Data-Scrapped\dbt_project.yml> not found

[0m21:10:38.727771 [debug] [MainThread]: Command `dbt debug` failed at 21:10:38.727771 after 0.69 seconds
[0m21:10:38.727771 [debug] [MainThread]: Connection 'debug' was properly closed.
[0m21:10:38.727771 [debug] [MainThread]: Sending event: {'category': 'dbt', 'action': 'invocation', 'label': 'end', 'context': [<snowplow_tracker.self_describing_json.SelfDescribingJson object at 0x00000201A6D29220>, <snowplow_tracker.self_describing_json.SelfDescribingJson object at 0x00000201AACEBDA0>, <snowplow_tracker.self_describing_json.SelfDescribingJson object at 0x00000201AA3C38F0>]}
[0m21:10:38.727771 [debug] [MainThread]: Flushing usage events
[0m21:13:36.722263 [debug] [MainThread]: Sending event: {'category': 'dbt', 'action': 'invocation', 'label': 'start', 'context': [<snowplow_tracker.self_describing_json.SelfDescribingJson object at 0x0000022FB5F3F800>, <snowplow_tracker.self_describing_json.SelfDescribingJson object at 0x0000022FB5F3FC50>, <snowplow_tracker.self_describing_json.SelfDescribingJson object at 0x0000022FB5F3EFF0>]}


============================== 21:13:36.723293 | 7c4d7362-47ad-4f6c-aa32-ba567c70af89 ==============================
[0m21:13:36.723293 [info ] [MainThread]: Running with dbt=1.8.2
[0m21:13:36.723293 [debug] [MainThread]: running dbt with arguments {'printer_width': '80', 'indirect_selection': 'eager', 'log_cache_events': 'False', 'write_json': 'True', 'partial_parse': 'True', 'cache_selected_only': 'False', 'profiles_dir': 'C:\\Users\\hp\\.dbt', 'debug': 'False', 'fail_fast': 'False', 'log_path': 'logs', 'warn_error': 'None', 'version_check': 'True', 'use_colors': 'True', 'use_experimental_parser': 'False', 'no_print': 'None', 'quiet': 'False', 'warn_error_options': 'WarnErrorOptions(include=[], exclude=[])', 'introspect': 'True', 'invocation_command': 'dbt debug', 'log_format': 'default', 'target_path': 'None', 'static_parser': 'True', 'send_anonymous_usage_stats': 'True'}
[0m21:13:36.741066 [info ] [MainThread]: dbt version: 1.8.2
[0m21:13:36.741361 [info ] [MainThread]: python version: 3.12.3
[0m21:13:36.742678 [info ] [MainThread]: python path: C:\Users\hp\Documents\10 academy\Week7\Medical-Business-Data-Scrapped\venv\Scripts\python.exe
[0m21:13:36.742678 [info ] [MainThread]: os info: Windows-11-10.0.22631-SP0
[0m21:13:36.826528 [info ] [MainThread]: Using profiles dir at C:\Users\hp\.dbt
[0m21:13:36.826528 [info ] [MainThread]: Using profiles.yml file at C:\Users\hp\.dbt\profiles.yml
[0m21:13:36.826528 [info ] [MainThread]: Using dbt_project.yml file at C:\Users\hp\Documents\10 academy\Week7\Medical-Business-Data-Scrapped\dbt_project.yml
[0m21:13:36.831245 [info ] [MainThread]: adapter type: postgres
[0m21:13:36.831245 [info ] [MainThread]: adapter version: 1.8.1
[0m21:13:36.834756 [info ] [MainThread]: Configuration:
[0m21:13:36.836175 [info ] [MainThread]:   profiles.yml file [[32mOK found and valid[0m]
[0m21:13:36.837683 [info ] [MainThread]:   dbt_project.yml file [[31mERROR not found[0m]
[0m21:13:36.837683 [info ] [MainThread]: Required dependencies:
[0m21:13:36.840145 [debug] [MainThread]: Executing "git --help"
[0m21:13:36.884570 [debug] [MainThread]: STDOUT: "b"usage: git [-v | --version] [-h | --help] [-C <path>] [-c <name>=<value>]\n           [--exec-path[=<path>]] [--html-path] [--man-path] [--info-path]\n           [-p | --paginate | -P | --no-pager] [--no-replace-objects] [--bare]\n           [--git-dir=<path>] [--work-tree=<path>] [--namespace=<name>]\n           [--config-env=<name>=<envvar>] <command> [<args>]\n\nThese are common Git commands used in various situations:\n\nstart a working area (see also: git help tutorial)\n   clone     Clone a repository into a new directory\n   init      Create an empty Git repository or reinitialize an existing one\n\nwork on the current change (see also: git help everyday)\n   add       Add file contents to the index\n   mv        Move or rename a file, a directory, or a symlink\n   restore   Restore working tree files\n   rm        Remove files from the working tree and from the index\n\nexamine the history and state (see also: git help revisions)\n   bisect    Use binary search to find the commit that introduced a bug\n   diff      Show changes between commits, commit and working tree, etc\n   grep      Print lines matching a pattern\n   log       Show commit logs\n   show      Show various types of objects\n   status    Show the working tree status\n\ngrow, mark and tweak your common history\n   branch    List, create, or delete branches\n   commit    Record changes to the repository\n   merge     Join two or more development histories together\n   rebase    Reapply commits on top of another base tip\n   reset     Reset current HEAD to the specified state\n   switch    Switch branches\n   tag       Create, list, delete or verify a tag object signed with GPG\n\ncollaborate (see also: git help workflows)\n   fetch     Download objects and refs from another repository\n   pull      Fetch from and integrate with another repository or a local branch\n   push      Update remote refs along with associated objects\n\n'git help -a' and 'git help -g' list available subcommands and some\nconcept guides. See 'git help <command>' or 'git help <concept>'\nto read about a specific subcommand or concept.\nSee 'git help git' for an overview of the system.\n""
[0m21:13:36.884570 [debug] [MainThread]: STDERR: "b''"
[0m21:13:36.886028 [info ] [MainThread]:  - git [[32mOK found[0m]

[0m21:13:36.887044 [info ] [MainThread]: Connection:
[0m21:13:36.889571 [info ] [MainThread]:   host: localhost
[0m21:13:36.891060 [info ] [MainThread]:   port: 5432
[0m21:13:36.893616 [info ] [MainThread]:   user: postgres
[0m21:13:36.894911 [info ] [MainThread]:   database: postgres
[0m21:13:36.896776 [info ] [MainThread]:   schema: public
[0m21:13:36.899045 [info ] [MainThread]:   connect_timeout: 10
[0m21:13:36.900069 [info ] [MainThread]:   role: None
[0m21:13:36.901472 [info ] [MainThread]:   search_path: None
[0m21:13:36.902714 [info ] [MainThread]:   keepalives_idle: 0
[0m21:13:36.902714 [info ] [MainThread]:   sslmode: None
[0m21:13:36.902714 [info ] [MainThread]:   sslcert: None
[0m21:13:36.902714 [info ] [MainThread]:   sslkey: None
[0m21:13:36.902714 [info ] [MainThread]:   sslrootcert: None
[0m21:13:36.910723 [info ] [MainThread]:   application_name: dbt
[0m21:13:36.910723 [info ] [MainThread]:   retries: 1
[0m21:13:36.910723 [info ] [MainThread]: Registered adapter: postgres=1.8.1
[0m21:13:36.910723 [debug] [MainThread]: Acquiring new postgres connection 'debug'
[0m21:13:37.027601 [debug] [MainThread]: Using postgres connection "debug"
[0m21:13:37.028130 [debug] [MainThread]: On debug: select 1 as id
[0m21:13:37.029094 [debug] [MainThread]: Opening a new connection, currently in state init
[0m21:13:37.098137 [debug] [MainThread]: SQL status: SELECT 1 in 0.0 seconds
[0m21:13:37.100219 [debug] [MainThread]: On debug: Close
[0m21:13:37.100219 [info ] [MainThread]:   Connection test: [[32mOK connection ok[0m]

[0m21:13:37.106641 [info ] [MainThread]: [31m1 check failed:[0m
[0m21:13:37.106641 [info ] [MainThread]: Project loading failed for the following reason:
 project path <C:\Users\hp\Documents\10 academy\Week7\Medical-Business-Data-Scrapped\dbt_project.yml> not found

[0m21:13:37.106641 [debug] [MainThread]: Command `dbt debug` failed at 21:13:37.106641 after 0.53 seconds
[0m21:13:37.106641 [debug] [MainThread]: Connection 'debug' was properly closed.
[0m21:13:37.106641 [debug] [MainThread]: Sending event: {'category': 'dbt', 'action': 'invocation', 'label': 'end', 'context': [<snowplow_tracker.self_describing_json.SelfDescribingJson object at 0x0000022FB5041B80>, <snowplow_tracker.self_describing_json.SelfDescribingJson object at 0x0000022FB52C1D30>, <snowplow_tracker.self_describing_json.SelfDescribingJson object at 0x0000022FB6776E40>]}
[0m21:13:37.106641 [debug] [MainThread]: Flushing usage events
